<?xml version="1.0" encoding="UTF-8"?>
<testsuite name="com.adventure.MT9" tests="1" skipped="0" failures="0" errors="0" timestamp="2024-10-10T00:14:54" hostname="MHSNEWHOTNESS" time="0.117">
  <properties/>
  <testcase name="testOmniDoorKey()" classname="com.adventure.MT9" time="0.117"/>
  <system-out><![CDATA[The door is unlocked!
]]></system-out>
  <system-err><![CDATA[]]></system-err>
</testsuite>
